0 info it worked if it ends with ok
1 verbose cli [ 'node', '/usr/bin/npm', 'start' ]
2 info using npm@2.8.3
3 info using node@v0.10.38
4 verbose stack Error: missing script: start
4 verbose stack     at run (/usr/lib/node_modules/npm/lib/run-script.js:165:19)
4 verbose stack     at /usr/lib/node_modules/npm/lib/run-script.js:81:5
4 verbose stack     at /usr/lib/node_modules/npm/node_modules/read-package-json/read-json.js:345:5
4 verbose stack     at checkBinReferences_ (/usr/lib/node_modules/npm/node_modules/read-package-json/read-json.js:309:45)
4 verbose stack     at final (/usr/lib/node_modules/npm/node_modules/read-package-json/read-json.js:343:3)
4 verbose stack     at then (/usr/lib/node_modules/npm/node_modules/read-package-json/read-json.js:113:5)
4 verbose stack     at /usr/lib/node_modules/npm/node_modules/read-package-json/read-json.js:232:12
4 verbose stack     at evalmachine.<anonymous>:272:14
4 verbose stack     at /usr/lib/node_modules/npm/node_modules/graceful-fs/graceful-fs.js:102:5
4 verbose stack     at Object.oncomplete (evalmachine.<anonymous>:108:15)
5 verbose cwd /srv/logger
6 error Linux 2.6.32-431.el6.x86_64
7 error argv "node" "/usr/bin/npm" "start"
8 error node v0.10.38
9 error npm  v2.8.3
10 error missing script: start
11 error If you need help, you may report this error at:
11 error     <https://github.com/npm/npm/issues>
12 verbose exit [ 1, true ]
